<?xml version="1.0" encoding="UTF-8"?>
<testsuite xmlns:xsi="http://www.w3.org/2001/XMLSchema-instance" xsi:schemaLocation="https://maven.apache.org/surefire/maven-surefire-plugin/xsd/surefire-test-report.xsd" name="MULE_EE.4.3.0.logic-test-suite" time="0.0" failures="0" errors="1" skipped="0" tests="1">
  <properties>
[...]
</properties>
  <testcase time="0.0" name="logic-test-suite.xml" classname="MULE_EE.4.3.0.logic-test-suite">
    <error>java.lang.RuntimeException: java.util.concurrent.ExecutionException: org.mule.runtime.deployment.model.api.DeploymentInitException: PropertyNotFoundException: Couldn&apos;t find configuration property value for key ${mule.env} from properties provider environment properties provider - within resolver Deployment properties trying to process key mule.env - within resolver global-properties configuration attributes trying to process key mule.env - within resolver environment properties provider trying to process key mule.env
	at org.mule.runtime.module.embedded.internal.DefaultEmbeddedContainerBuilder$1.executeUsingReflection(DefaultEmbeddedContainerBuilder.java:301)
	at org.mule.runtime.module.embedded.internal.DefaultEmbeddedContainerBuilder$1.access$600(DefaultEmbeddedContainerBuilder.java:129)
	at org.mule.runtime.module.embedded.internal.DefaultEmbeddedContainerBuilder$1$1.deployApplication(DefaultEmbeddedContainerBuilder.java:232)
	at org.mule.munit.remote.container.EmbeddedContainer.deployApplication(EmbeddedContainer.java:66)
	at org.mule.munit.remote.container.ContainerSuiteRunDispatcher.performSuiteDeploy(ContainerSuiteRunDispatcher.java:181)
	at org.mule.munit.remote.container.ContainerSuiteRunDispatcher.runSuites(ContainerSuiteRunDispatcher.java:147)
	at org.mule.munit.remote.RemoteRunner.run(RemoteRunner.java:85)
	at org.mule.munit.remote.RemoteRunner.main(RemoteRunner.java:67)
Caused by: java.util.concurrent.ExecutionException: org.mule.runtime.deployment.model.api.DeploymentInitException: PropertyNotFoundException: Couldn&apos;t find configuration property value for key ${mule.env} from properties provider environment properties provider - within resolver Deployment properties trying to process key mule.env - within resolver global-properties configuration attributes trying to process key mule.env - within resolver environment properties provider trying to process key mule.env
	at java.util.concurrent.FutureTask.report(FutureTask.java:122)
	at java.util.concurrent.FutureTask.get(FutureTask.java:192)
	at org.mule.runtime.module.embedded.internal.DefaultEmbeddedContainerBuilder$1.executeUsingReflection(DefaultEmbeddedContainerBuilder.java:299)
	... 7 more
Caused by: org.mule.runtime.deployment.model.api.DeploymentInitException: PropertyNotFoundException: Couldn&apos;t find configuration property value for key ${mule.env} from properties provider environment properties provider - within resolver Deployment properties trying to process key mule.env - within resolver global-properties configuration attributes trying to process key mule.env - within resolver environment properties provider trying to process key mule.env
Caused by: org.mule.runtime.core.api.config.ConfigurationException: Couldn&apos;t find configuration property value for key ${mule.env} from properties provider environment properties provider - within resolver Deployment properties trying to process key mule.env - within resolver global-properties configuration attributes trying to process key mule.env - within resolver environment properties provider trying to process key mule.env
Caused by: org.mule.runtime.config.internal.dsl.model.config.PropertyNotFoundException: Couldn&apos;t find configuration property value for key ${mule.env} from properties provider environment properties provider - within resolver Deployment properties trying to process key mule.env - within resolver global-properties configuration attributes trying to process key mule.env - within resolver environment properties provider trying to process key mule.env
</error>
  </testcase>
</testsuite>